0 info it worked if it ends with ok
1 verbose cli [ 'node', '/usr/local/bin/npm', 'install' ]
2 info using npm@1.3.24
3 info using node@v0.10.25
4 verbose readDependencies using package.json deps
5 verbose install where, deps [ '/Users/kkolstad/GitHub/angular-deckgrid',
5 verbose install   [ 'grunt-contrib-uglify',
5 verbose install     'grunt-contrib-jshint',
5 verbose install     'grunt',
5 verbose install     'grunt-contrib-concat',
5 verbose install     'grunt-karma',
5 verbose install     'karma-jasmine',
5 verbose install     'karma-chrome-launcher' ] ]
6 info preinstall angular-deckgrid@0.4.4
7 verbose readDependencies using package.json deps
8 verbose already installed skipping grunt@~0.4.1 /Users/kkolstad/GitHub/angular-deckgrid
9 verbose already installed skipping grunt-contrib-jshint@~0.7.1 /Users/kkolstad/GitHub/angular-deckgrid
10 verbose already installed skipping grunt-contrib-concat@~0.3.0 /Users/kkolstad/GitHub/angular-deckgrid
11 verbose already installed skipping grunt-karma@~0.7.1 /Users/kkolstad/GitHub/angular-deckgrid
12 verbose already installed skipping karma-jasmine@~0.1.5 /Users/kkolstad/GitHub/angular-deckgrid
13 verbose already installed skipping karma-chrome-launcher@~0.1.2 /Users/kkolstad/GitHub/angular-deckgrid
14 verbose already installed skipping grunt-contrib-uglify@~0.2.2 /Users/kkolstad/GitHub/angular-deckgrid
15 silly resolved []
16 info build /Users/kkolstad/GitHub/angular-deckgrid
17 verbose linkStuff [ false, false, false, '/Users/kkolstad/GitHub' ]
18 info linkStuff angular-deckgrid@0.4.4
19 verbose linkBins angular-deckgrid@0.4.4
20 verbose linkMans angular-deckgrid@0.4.4
21 verbose rebuildBundles angular-deckgrid@0.4.4
22 verbose rebuildBundles [ '.bin',
22 verbose rebuildBundles   'grunt',
22 verbose rebuildBundles   'grunt-contrib-concat',
22 verbose rebuildBundles   'grunt-contrib-jshint',
22 verbose rebuildBundles   'grunt-contrib-uglify',
22 verbose rebuildBundles   'grunt-karma',
22 verbose rebuildBundles   'karma',
22 verbose rebuildBundles   'karma-chrome-launcher',
22 verbose rebuildBundles   'karma-coffee-preprocessor',
22 verbose rebuildBundles   'karma-firefox-launcher',
22 verbose rebuildBundles   'karma-html2js-preprocessor',
22 verbose rebuildBundles   'karma-jasmine',
22 verbose rebuildBundles   'karma-phantomjs-launcher',
22 verbose rebuildBundles   'karma-requirejs',
22 verbose rebuildBundles   'karma-script-launcher',
22 verbose rebuildBundles   'requirejs' ]
23 verbose rebuild bundle /Users/kkolstad/GitHub/angular-deckgrid/node_modules/karma
24 info build /Users/kkolstad/GitHub/angular-deckgrid/node_modules/karma
25 info preinstall karma@0.10.9
26 verbose linkStuff [ false,
26 verbose linkStuff   false,
26 verbose linkStuff   false,
26 verbose linkStuff   '/Users/kkolstad/GitHub/angular-deckgrid/node_modules' ]
27 info linkStuff karma@0.10.9
28 verbose linkBins karma@0.10.9
29 verbose link bins [ { karma: './bin/karma' },
29 verbose link bins   '/Users/kkolstad/GitHub/angular-deckgrid/node_modules/.bin',
29 verbose link bins   false ]
30 verbose linkMans karma@0.10.9
31 verbose rebuildBundles karma@0.10.9
32 verbose rebuildBundles [ '.bin',
32 verbose rebuildBundles   'chokidar',
32 verbose rebuildBundles   'coffee-script',
32 verbose rebuildBundles   'colors',
32 verbose rebuildBundles   'connect',
32 verbose rebuildBundles   'di',
32 verbose rebuildBundles   'glob',
32 verbose rebuildBundles   'graceful-fs',
32 verbose rebuildBundles   'http-proxy',
32 verbose rebuildBundles   'lodash',
32 verbose rebuildBundles   'log4js',
32 verbose rebuildBundles   'mime',
32 verbose rebuildBundles   'minimatch',
32 verbose rebuildBundles   'optimist',
32 verbose rebuildBundles   'q',
32 verbose rebuildBundles   'rimraf',
32 verbose rebuildBundles   'socket.io',
32 verbose rebuildBundles   'useragent' ]
33 info install karma@0.10.9
34 info postinstall karma@0.10.9
35 verbose rebuild bundle /Users/kkolstad/GitHub/angular-deckgrid/node_modules/karma-coffee-preprocessor
36 info build /Users/kkolstad/GitHub/angular-deckgrid/node_modules/karma-coffee-preprocessor
37 info preinstall karma-coffee-preprocessor@0.1.3
38 verbose linkStuff [ false,
38 verbose linkStuff   false,
38 verbose linkStuff   false,
38 verbose linkStuff   '/Users/kkolstad/GitHub/angular-deckgrid/node_modules' ]
39 info linkStuff karma-coffee-preprocessor@0.1.3
40 verbose linkBins karma-coffee-preprocessor@0.1.3
41 verbose linkMans karma-coffee-preprocessor@0.1.3
42 verbose rebuildBundles karma-coffee-preprocessor@0.1.3
43 verbose rebuildBundles [ '.bin', 'coffee-script' ]
44 info install karma-coffee-preprocessor@0.1.3
45 info postinstall karma-coffee-preprocessor@0.1.3
46 verbose rebuild bundle /Users/kkolstad/GitHub/angular-deckgrid/node_modules/karma-firefox-launcher
47 info build /Users/kkolstad/GitHub/angular-deckgrid/node_modules/karma-firefox-launcher
48 info preinstall karma-firefox-launcher@0.1.3
49 verbose linkStuff [ false,
49 verbose linkStuff   false,
49 verbose linkStuff   false,
49 verbose linkStuff   '/Users/kkolstad/GitHub/angular-deckgrid/node_modules' ]
50 info linkStuff karma-firefox-launcher@0.1.3
51 verbose linkBins karma-firefox-launcher@0.1.3
52 verbose linkMans karma-firefox-launcher@0.1.3
53 verbose rebuildBundles karma-firefox-launcher@0.1.3
54 info install karma-firefox-launcher@0.1.3
55 info postinstall karma-firefox-launcher@0.1.3
56 verbose rebuild bundle /Users/kkolstad/GitHub/angular-deckgrid/node_modules/karma-html2js-preprocessor
57 info build /Users/kkolstad/GitHub/angular-deckgrid/node_modules/karma-html2js-preprocessor
58 info preinstall karma-html2js-preprocessor@0.1.0
59 verbose linkStuff [ false,
59 verbose linkStuff   false,
59 verbose linkStuff   false,
59 verbose linkStuff   '/Users/kkolstad/GitHub/angular-deckgrid/node_modules' ]
60 info linkStuff karma-html2js-preprocessor@0.1.0
61 verbose linkBins karma-html2js-preprocessor@0.1.0
62 verbose linkMans karma-html2js-preprocessor@0.1.0
63 verbose rebuildBundles karma-html2js-preprocessor@0.1.0
64 info install karma-html2js-preprocessor@0.1.0
65 info postinstall karma-html2js-preprocessor@0.1.0
66 verbose rebuild bundle /Users/kkolstad/GitHub/angular-deckgrid/node_modules/karma-phantomjs-launcher
67 info build /Users/kkolstad/GitHub/angular-deckgrid/node_modules/karma-phantomjs-launcher
68 info preinstall karma-phantomjs-launcher@0.1.2
69 verbose linkStuff [ false,
69 verbose linkStuff   false,
69 verbose linkStuff   false,
69 verbose linkStuff   '/Users/kkolstad/GitHub/angular-deckgrid/node_modules' ]
70 info linkStuff karma-phantomjs-launcher@0.1.2
71 verbose linkBins karma-phantomjs-launcher@0.1.2
72 verbose linkMans karma-phantomjs-launcher@0.1.2
73 verbose rebuildBundles karma-phantomjs-launcher@0.1.2
74 verbose rebuildBundles [ '.bin', 'phantomjs' ]
75 info install karma-phantomjs-launcher@0.1.2
76 info postinstall karma-phantomjs-launcher@0.1.2
77 verbose rebuild bundle /Users/kkolstad/GitHub/angular-deckgrid/node_modules/karma-requirejs
78 info build /Users/kkolstad/GitHub/angular-deckgrid/node_modules/karma-requirejs
79 info preinstall karma-requirejs@0.2.1
80 verbose linkStuff [ false,
80 verbose linkStuff   false,
80 verbose linkStuff   false,
80 verbose linkStuff   '/Users/kkolstad/GitHub/angular-deckgrid/node_modules' ]
81 info linkStuff karma-requirejs@0.2.1
82 verbose linkBins karma-requirejs@0.2.1
83 verbose linkMans karma-requirejs@0.2.1
84 verbose rebuildBundles karma-requirejs@0.2.1
85 info install karma-requirejs@0.2.1
86 info postinstall karma-requirejs@0.2.1
87 verbose rebuild bundle /Users/kkolstad/GitHub/angular-deckgrid/node_modules/karma-script-launcher
88 info build /Users/kkolstad/GitHub/angular-deckgrid/node_modules/karma-script-launcher
89 info preinstall karma-script-launcher@0.1.0
90 verbose linkStuff [ false,
90 verbose linkStuff   false,
90 verbose linkStuff   false,
90 verbose linkStuff   '/Users/kkolstad/GitHub/angular-deckgrid/node_modules' ]
91 info linkStuff karma-script-launcher@0.1.0
92 verbose linkBins karma-script-launcher@0.1.0
93 verbose linkMans karma-script-launcher@0.1.0
94 verbose rebuildBundles karma-script-launcher@0.1.0
95 info install karma-script-launcher@0.1.0
96 info postinstall karma-script-launcher@0.1.0
97 verbose rebuild bundle /Users/kkolstad/GitHub/angular-deckgrid/node_modules/requirejs
98 info build /Users/kkolstad/GitHub/angular-deckgrid/node_modules/requirejs
99 info preinstall requirejs@2.1.11
100 verbose linkStuff [ false,
100 verbose linkStuff   false,
100 verbose linkStuff   false,
100 verbose linkStuff   '/Users/kkolstad/GitHub/angular-deckgrid/node_modules' ]
101 info linkStuff requirejs@2.1.11
102 verbose linkBins requirejs@2.1.11
103 verbose link bins [ { 'r.js': './bin/r.js' },
103 verbose link bins   '/Users/kkolstad/GitHub/angular-deckgrid/node_modules/.bin',
103 verbose link bins   false ]
104 verbose linkMans requirejs@2.1.11
105 verbose rebuildBundles requirejs@2.1.11
106 info install requirejs@2.1.11
107 info postinstall requirejs@2.1.11
108 info install angular-deckgrid@0.4.4
109 info postinstall angular-deckgrid@0.4.4
110 info prepublish angular-deckgrid@0.4.4
111 error peerinvalid The package karma does not satisfy its siblings' peerDependencies requirements!
111 error peerinvalid Peer grunt-karma@0.7.2 wants karma@~0.11.0
111 error peerinvalid Peer karma-jasmine@0.1.5 wants karma@>=0.9
111 error peerinvalid Peer karma-chrome-launcher@0.1.2 wants karma@>=0.9.3
111 error peerinvalid Peer karma-firefox-launcher@0.1.3 wants karma@>=0.9
111 error peerinvalid Peer karma-html2js-preprocessor@0.1.0 wants karma@>=0.9
111 error peerinvalid Peer karma-requirejs@0.2.1 wants karma@>=0.9
111 error peerinvalid Peer karma-script-launcher@0.1.0 wants karma@>=0.9
111 error peerinvalid Peer karma-coffee-preprocessor@0.1.3 wants karma@>=0.9
111 error peerinvalid Peer karma-phantomjs-launcher@0.1.2 wants karma@>=0.9
112 error System Darwin 13.2.0
113 error command "node" "/usr/local/bin/npm" "install"
114 error cwd /Users/kkolstad/GitHub/angular-deckgrid
115 error node -v v0.10.25
116 error npm -v 1.3.24
117 error code EPEERINVALID
118 verbose exit [ 1, true ]
